# JRE version: OpenJDK Runtime Environment Corretto-11.0.11.9.1 (11.0.11+9) (build 11.0.11+9-LTS)
# Java VM: OpenJDK 64-Bit Server VM Corretto-11.0.11.9.1 (11.0.11+9-LTS, mixed mode, tiered, compressed oops, g1 gc, windows-amd64)
Heap:
 garbage-first heap   total 131072K, used 8348K [0x0000000081c00000, 0x0000000100000000)
  region size 1024K, 2 young (2048K), 2 survivors (2048K)
 Metaspace       used 21344K, capacity 22089K, committed 22320K, reserved 1077248K
  class space    used 2523K, capacity 2822K, committed 2944K, reserved 1048576K
GC Heap History (12 events):
Event: 3.998 GC heap before
{Heap before GC invocations=0 (full 0):
 garbage-first heap   total 131072K, used 6144K [0x0000000081c00000, 0x0000000100000000)
  region size 1024K, 7 young (7168K), 0 survivors (0K)
 Metaspace       used 8840K, capacity 8998K, committed 9216K, reserved 1056768K
  class space    used 872K, capacity 937K, committed 1024K, reserved 1048576K
}
Event: 4.239 GC heap after
{Heap after GC invocations=1 (full 0):
 garbage-first heap   total 131072K, used 4076K [0x0000000081c00000, 0x0000000100000000)
  region size 1024K, 1 young (1024K), 1 survivors (1024K)
 Metaspace       used 8840K, capacity 8998K, committed 9216K, reserved 1056768K
  class space    used 872K, capacity 937K, committed 1024K, reserved 1048576K
}
Event: 6.313 GC heap before
{Heap before GC invocations=1 (full 0):
 garbage-first heap   total 131072K, used 9196K [0x0000000081c00000, 0x0000000100000000)
  region size 1024K, 6 young (6144K), 1 survivors (1024K)
 Metaspace       used 12251K, capacity 12549K, committed 12672K, reserved 1060864K
  class space    used 1266K, capacity 1374K, committed 1408K, reserved 1048576K
}
Event: 6.321 GC heap after
{Heap after GC invocations=2 (full 0):
 garbage-first heap   total 131072K, used 5282K [0x0000000081c00000, 0x0000000100000000)
  region size 1024K, 1 young (1024K), 1 survivors (1024K)
 Metaspace       used 12251K, capacity 12549K, committed 12672K, reserved 1060864K
  class space    used 1266K, capacity 1374K, committed 1408K, reserved 1048576K
}
Event: 7.833 GC heap before
{Heap before GC invocations=2 (full 0):
 garbage-first heap   total 131072K, used 16546K [0x0000000081c00000, 0x0000000100000000)
  region size 1024K, 12 young (12288K), 1 survivors (1024K)
 Metaspace       used 15276K, capacity 15813K, committed 16000K, reserved 1062912K
  class space    used 1663K, capacity 1862K, committed 1920K, reserved 1048576K
}
Event: 7.840 GC heap after
{Heap after GC invocations=3 (full 0):
 garbage-first heap   total 131072K, used 6465K [0x0000000081c00000, 0x0000000100000000)
  region size 1024K, 2 young (2048K), 2 survivors (2048K)
 Metaspace       used 15276K, capacity 15813K, committed 16000K, reserved 1062912K
  class space    used 1663K, capacity 1862K, committed 1920K, reserved 1048576K
}
Event: 8.331 GC heap before
{Heap before GC invocations=3 (full 0):
 garbage-first heap   total 131072K, used 21825K [0x0000000081c00000, 0x0000000100000000)
  region size 1024K, 17 young (17408K), 2 survivors (2048K)
 Metaspace       used 18798K, capacity 19559K, committed 19712K, reserved 1067008K
  class space    used 2167K, capacity 2443K, committed 2560K, reserved 1048576K
}
Event: 8.336 GC heap after
{Heap after GC invocations=4 (full 0):
 garbage-first heap   total 131072K, used 7775K [0x0000000081c00000, 0x0000000100000000)
  region size 1024K, 3 young (3072K), 3 survivors (3072K)
 Metaspace       used 18798K, capacity 19559K, committed 19712K, reserved 1067008K
  class space    used 2167K, capacity 2443K, committed 2560K, reserved 1048576K
}
Event: 8.736 GC heap before
{Heap before GC invocations=4 (full 0):
 garbage-first heap   total 131072K, used 14943K [0x0000000081c00000, 0x0000000100000000)
  region size 1024K, 12 young (12288K), 3 survivors (3072K)
 Metaspace       used 20367K, capacity 21166K, committed 21296K, reserved 1069056K
  class space    used 2391K, capacity 2664K, committed 2688K, reserved 1048576K
}
Event: 8.744 GC heap after
{Heap after GC invocations=5 (full 0):
 garbage-first heap   total 131072K, used 8153K [0x0000000081c00000, 0x0000000100000000)
  region size 1024K, 2 young (2048K), 2 survivors (2048K)
 Metaspace       used 20367K, capacity 21166K, committed 21296K, reserved 1069056K
  class space    used 2391K, capacity 2664K, committed 2688K, reserved 1048576K
}
Event: 9.065 GC heap before
{Heap before GC invocations=6 (full 0):
 garbage-first heap   total 131072K, used 13273K [0x0000000081c00000, 0x0000000100000000)
  region size 1024K, 8 young (8192K), 2 survivors (2048K)
 Metaspace       used 21344K, capacity 22089K, committed 22320K, reserved 1075200K
  class space    used 2523K, capacity 2822K, committed 2944K, reserved 1048576K
}
Event: 9.103 GC heap after
{Heap after GC invocations=7 (full 0):
 garbage-first heap   total 131072K, used 8348K [0x0000000081c00000, 0x0000000100000000)
  region size 1024K, 2 young (2048K), 2 survivors (2048K)
 Metaspace       used 21344K, capacity 22089K, committed 22320K, reserved 1075200K
  class space    used 2523K, capacity 2822K, committed 2944K, reserved 1048576K
}

